# JRE version: OpenJDK Runtime Environment (15.0.2+7) (build 15.0.2+7-27)
# Java VM: OpenJDK 64-Bit Server VM (15.0.2+7-27, mixed mode, tiered, compressed oops, g1 gc, windows-amd64)
GC Precious Log:
 CPUs: 8 total, 8 available
 Memory: 16315M
 Large Page Support: Disabled
 NUMA Support: Disabled
 Compressed Oops: Enabled (Zero based)
 Heap Region Size: 2M
 Heap Min Capacity: 8M
 Heap Initial Capacity: 256M
 Heap Max Capacity: 4080M
 Pre-touch: Disabled
 Parallel Workers: 8
 Concurrent Workers: 2
 Concurrent Refinement Workers: 8
 Periodic GC: Disabled
Heap:
 garbage-first heap   total 161792K, used 97490K [0x0000000701000000, 0x0000000800000000)
  region size 2048K, 35 young (71680K), 3 survivors (6144K)
 Metaspace       used 67371K, capacity 67895K, committed 68096K, reserved 1110016K
  class space    used 8222K, capacity 8405K, committed 8448K, reserved 1048576K
GC Heap History (20 events):
Event: 10.508 GC heap before
{Heap before GC invocations=22 (full 0):
 garbage-first heap   total 55296K, used 41061K [0x0000000701000000, 0x0000000800000000)
  region size 2048K, 10 young (20480K), 2 survivors (4096K)
 Metaspace       used 48159K, capacity 48612K, committed 48768K, reserved 1091584K
  class space    used 5537K, capacity 5671K, committed 5760K, reserved 1048576K
}
Event: 10.511 GC heap after
{Heap after GC invocations=23 (full 0):
 garbage-first heap   total 55296K, used 25273K [0x0000000701000000, 0x0000000800000000)
  region size 2048K, 2 young (4096K), 2 survivors (4096K)
 Metaspace       used 48159K, capacity 48612K, committed 48768K, reserved 1091584K
  class space    used 5537K, capacity 5671K, committed 5760K, reserved 1048576K
}
Event: 10.772 GC heap before
{Heap before GC invocations=23 (full 0):
 garbage-first heap   total 55296K, used 41657K [0x0000000701000000, 0x0000000800000000)
  region size 2048K, 10 young (20480K), 2 survivors (4096K)
 Metaspace       used 48637K, capacity 49078K, committed 49280K, reserved 1093632K
  class space    used 5597K, capacity 5738K, committed 5760K, reserved 1048576K
}
Event: 10.776 GC heap after
{Heap after GC invocations=24 (full 0):
 garbage-first heap   total 55296K, used 26197K [0x0000000701000000, 0x0000000800000000)
  region size 2048K, 2 young (4096K), 2 survivors (4096K)
 Metaspace       used 48637K, capacity 49078K, committed 49280K, reserved 1093632K
  class space    used 5597K, capacity 5738K, committed 5760K, reserved 1048576K
}
Event: 10.977 GC heap before
{Heap before GC invocations=24 (full 0):
 garbage-first heap   total 55296K, used 42581K [0x0000000701000000, 0x0000000800000000)
  region size 2048K, 10 young (20480K), 2 survivors (4096K)
 Metaspace       used 49608K, capacity 50019K, committed 50176K, reserved 1093632K
  class space    used 5716K, capacity 5836K, committed 5888K, reserved 1048576K
}
Event: 10.981 GC heap after
{Heap after GC invocations=25 (full 0):
 garbage-first heap   total 55296K, used 26518K [0x0000000701000000, 0x0000000800000000)
  region size 2048K, 1 young (2048K), 1 survivors (2048K)
 Metaspace       used 49608K, capacity 50019K, committed 50176K, reserved 1093632K
  class space    used 5716K, capacity 5836K, committed 5888K, reserved 1048576K
}
Event: 11.235 GC heap before
{Heap before GC invocations=25 (full 0):
 garbage-first heap   total 55296K, used 42902K [0x0000000701000000, 0x0000000800000000)
  region size 2048K, 9 young (18432K), 1 survivors (2048K)
 Metaspace       used 50452K, capacity 50861K, committed 51072K, reserved 1093632K
  class space    used 5837K, capacity 5966K, committed 6016K, reserved 1048576K
}
Event: 11.239 GC heap after
{Heap after GC invocations=26 (full 0):
 garbage-first heap   total 55296K, used 27375K [0x0000000701000000, 0x0000000800000000)
  region size 2048K, 2 young (4096K), 2 survivors (4096K)
 Metaspace       used 50452K, capacity 50861K, committed 51072K, reserved 1093632K
  class space    used 5837K, capacity 5966K, committed 6016K, reserved 1048576K
}
Event: 11.479 GC heap before
{Heap before GC invocations=27 (full 0):
 garbage-first heap   total 55296K, used 41711K [0x0000000701000000, 0x0000000800000000)
  region size 2048K, 9 young (18432K), 2 survivors (4096K)
 Metaspace       used 51134K, capacity 51568K, committed 51712K, reserved 1095680K
  class space    used 5955K, capacity 6095K, committed 6144K, reserved 1048576K
}
Event: 11.484 GC heap after
{Heap after GC invocations=28 (full 0):
 garbage-first heap   total 55296K, used 27818K [0x0000000701000000, 0x0000000800000000)
  region size 2048K, 2 young (4096K), 2 survivors (4096K)
 Metaspace       used 51134K, capacity 51568K, committed 51712K, reserved 1095680K
  class space    used 5955K, capacity 6095K, committed 6144K, reserved 1048576K
}
Event: 11.728 GC heap before
{Heap before GC invocations=28 (full 0):
 garbage-first heap   total 55296K, used 42154K [0x0000000701000000, 0x0000000800000000)
  region size 2048K, 9 young (18432K), 2 survivors (4096K)
 Metaspace       used 52251K, capacity 52633K, committed 52736K, reserved 1095680K
  class space    used 6194K, capacity 6322K, committed 6400K, reserved 1048576K
}
Event: 11.733 GC heap after
{Heap after GC invocations=29 (full 0):
 garbage-first heap   total 55296K, used 28059K [0x0000000701000000, 0x0000000800000000)
  region size 2048K, 1 young (2048K), 1 survivors (2048K)
 Metaspace       used 52251K, capacity 52633K, committed 52736K, reserved 1095680K
  class space    used 6194K, capacity 6322K, committed 6400K, reserved 1048576K
}
Event: 12.050 GC heap before
{Heap before GC invocations=30 (full 0):
 garbage-first heap   total 55296K, used 46491K [0x0000000701000000, 0x0000000800000000)
  region size 2048K, 10 young (20480K), 1 survivors (2048K)
 Metaspace       used 53188K, capacity 53654K, committed 53888K, reserved 1097728K
  class space    used 6338K, capacity 6489K, committed 6528K, reserved 1048576K
}
Event: 12.053 GC heap after
{Heap after GC invocations=31 (full 0):
 garbage-first heap   total 55296K, used 28730K [0x0000000701000000, 0x0000000800000000)
  region size 2048K, 2 young (4096K), 2 survivors (4096K)
 Metaspace       used 53188K, capacity 53654K, committed 53888K, reserved 1097728K
  class space    used 6338K, capacity 6489K, committed 6528K, reserved 1048576K
}
Event: 12.292 GC heap before
{Heap before GC invocations=31 (full 0):
 garbage-first heap   total 55296K, used 43066K [0x0000000701000000, 0x0000000800000000)
  region size 2048K, 9 young (18432K), 2 survivors (4096K)
 Metaspace       used 53882K, capacity 54370K, committed 54528K, reserved 1097728K
  class space    used 6455K, capacity 6619K, committed 6656K, reserved 1048576K
}
Event: 12.295 GC heap after
{Heap after GC invocations=32 (full 0):
 garbage-first heap   total 55296K, used 29479K [0x0000000701000000, 0x0000000800000000)
  region size 2048K, 2 young (4096K), 2 survivors (4096K)
 Metaspace       used 53882K, capacity 54370K, committed 54528K, reserved 1097728K
  class space    used 6455K, capacity 6619K, committed 6656K, reserved 1048576K
}
Event: 12.522 GC heap before
{Heap before GC invocations=33 (full 0):
 garbage-first heap   total 59392K, used 41767K [0x0000000701000000, 0x0000000800000000)
  region size 2048K, 8 young (16384K), 2 survivors (4096K)
 Metaspace       used 54626K, capacity 55087K, committed 55168K, reserved 1097728K
  class space    used 6554K, capacity 6725K, committed 6784K, reserved 1048576K
}
Event: 12.528 GC heap after
{Heap after GC invocations=34 (full 0):
 garbage-first heap   total 161792K, used 30198K [0x0000000701000000, 0x0000000800000000)
  region size 2048K, 1 young (2048K), 1 survivors (2048K)
 Metaspace       used 54626K, capacity 55087K, committed 55168K, reserved 1097728K
  class space    used 6554K, capacity 6725K, committed 6784K, reserved 1048576K
}
Event: 13.956 GC heap before
{Heap before GC invocations=34 (full 0):
 garbage-first heap   total 161792K, used 124406K [0x0000000701000000, 0x0000000800000000)
  region size 2048K, 47 young (96256K), 1 survivors (2048K)
 Metaspace       used 60837K, capacity 61375K, committed 61440K, reserved 1103872K
  class space    used 7263K, capacity 7407K, committed 7424K, reserved 1048576K
}
Event: 13.965 GC heap after
{Heap after GC invocations=35 (full 0):
 garbage-first heap   total 161792K, used 34002K [0x0000000701000000, 0x0000000800000000)
  region size 2048K, 3 young (6144K), 3 survivors (6144K)
 Metaspace       used 60837K, capacity 61375K, committed 61440K, reserved 1103872K
  class space    used 7263K, capacity 7407K, committed 7424K, reserved 1048576K
}

